{"level":"info","message":"gathering preliminary information","timestamp":"2022-09-29T19:08:49.852Z"}
{"level":"info","message":"buy nonce: 6 - sell nonce: 7","timestamp":"2022-09-29T19:08:51.110Z"}
{"level":"info","message":"2 tokens found in OUTPUT_TOKEN_ADDRESSES","timestamp":"2022-09-29T19:08:51.110Z"}
{"level":"info","message":"getting pool info for 1/2 tokens","timestamp":"2022-09-29T19:08:51.111Z"}
{"level":"info","message":"getting pool info for 2/2 tokens","timestamp":"2022-09-29T19:08:51.264Z"}
{"level":"info","message":"getting pool info for tokens in OUTPUT_TOKEN_ADDRESSES complete","timestamp":"2022-09-29T19:08:51.421Z"}
{"level":"info","message":"starting ...","timestamp":"2022-09-29T19:08:51.421Z"}
{"level":"info","message":"subscribing to pendingTransaction events","timestamp":"2022-09-29T19:08:51.422Z"}
{"level":"info","message":"txHash: 0x94159b44e44ade589e3b52494096b8f6fc1bde5cdd6812ea57ab8460c3706d7a","timestamp":"2022-09-29T19:08:51.852Z"}
{"level":"info","message":"gasPrice: 5","timestamp":"2022-09-29T19:08:51.853Z"}
{"level":"info","message":"method called is not swapExactEthForTokens or swapExactTokensForTokens, ignoring.","timestamp":"2022-09-29T19:08:51.857Z"}
{"level":"info","message":"txHash: 0x342d619aaad1a8faf5e5c82bc6f2ce842f64507f750fbae164e2f04fc4528267","timestamp":"2022-09-29T19:08:52.938Z"}
{"level":"info","message":"gasPrice: 5","timestamp":"2022-09-29T19:08:52.939Z"}
{"level":"info","message":"method:swapExactTokensForTokens","timestamp":"2022-09-29T19:08:52.940Z"}
{"level":"error","message":"token not whitelisted in OUTPUT_TOKEN_ADDRESSES, ignoring.","timestamp":"2022-09-29T19:08:52.940Z"}
{"level":"error","message":"token address: 0x4340499a4bd2869630393b7e4709e4f4581a9793","timestamp":"2022-09-29T19:08:52.941Z"}
{"level":"info","message":"txHash: 0xade2498006c9b90de33d7a55fe5611745885de78b100ea687ac43b9fe4364c32","timestamp":"2022-09-29T19:08:53.377Z"}
{"level":"info","message":"gasPrice: 5","timestamp":"2022-09-29T19:08:53.378Z"}
{"level":"info","message":"method called is not swapExactEthForTokens or swapExactTokensForTokens, ignoring.","timestamp":"2022-09-29T19:08:53.379Z"}
{"level":"info","message":"txHash: 0xa33e68e749f4ea52420cc1b17b211fad38202c0bb8456b8115cadaf24661307e","timestamp":"2022-09-29T19:08:53.743Z"}
{"level":"info","message":"gasPrice: 7","timestamp":"2022-09-29T19:08:53.743Z"}
{"level":"info","message":"method called is not swapExactEthForTokens or swapExactTokensForTokens, ignoring.","timestamp":"2022-09-29T19:08:53.745Z"}
{"level":"info","message":"txHash: 0xd0ed9e0c4c9dd0aa384ca9fc767855888759f89bc2601379179b429e040e3a58","timestamp":"2022-09-29T19:08:54.793Z"}
{"level":"info","message":"gasPrice: 5","timestamp":"2022-09-29T19:08:54.793Z"}
{"level":"info","message":"method:swapExactETHForTokens","timestamp":"2022-09-29T19:08:54.796Z"}
{"level":"error","message":"token not whitelisted in OUTPUT_TOKEN_ADDRESSES, ignoring.","timestamp":"2022-09-29T19:08:54.796Z"}
{"level":"error","message":"token address: 0xd6ea75939b70d00d4c09232c244cf8e856f2a5ca","timestamp":"2022-09-29T19:08:54.796Z"}
{"level":"info","message":"txHash: 0xb7e2088b35d7fdebfd4f1b28e4c8d6d794e94fead440c9aba0ad87022e5b085f","timestamp":"2022-09-29T19:08:54.801Z"}
{"level":"info","message":"gasPrice: 5","timestamp":"2022-09-29T19:08:54.801Z"}
{"level":"info","message":"method:swapExactTokensForTokens","timestamp":"2022-09-29T19:08:54.802Z"}
{"level":"error","message":"token not whitelisted in OUTPUT_TOKEN_ADDRESSES, ignoring.","timestamp":"2022-09-29T19:08:54.802Z"}
{"level":"error","message":"token address: 0x31491c35c094a0336f4859dd94ab9466709dec45","timestamp":"2022-09-29T19:08:54.802Z"}
{"level":"info","message":"txHash: 0xe3e399702d649ad489f6c80913afb517bb19f43fe7ae547fe7dd4a2b6a09b1ae","timestamp":"2022-09-29T19:08:54.974Z"}
{"level":"info","message":"gasPrice: 5","timestamp":"2022-09-29T19:08:54.974Z"}
{"level":"info","message":"method called is not swapExactEthForTokens or swapExactTokensForTokens, ignoring.","timestamp":"2022-09-29T19:08:54.975Z"}
{"level":"info","message":"txHash: 0x2cfb90525e0575c379f4a91a63e1b925933c0a9cd91ef7c4968345f420e3dd31","timestamp":"2022-09-29T19:08:55.023Z"}
{"level":"info","message":"gasPrice: 5","timestamp":"2022-09-29T19:08:55.023Z"}
{"level":"info","message":"method:swapExactETHForTokens","timestamp":"2022-09-29T19:08:55.024Z"}
{"level":"error","message":"token not whitelisted in OUTPUT_TOKEN_ADDRESSES, ignoring.","timestamp":"2022-09-29T19:08:55.024Z"}
{"level":"error","message":"token address: 0xe9e7cea3dedca5984780bafc599bd69add087d56","timestamp":"2022-09-29T19:08:55.025Z"}
{"level":"info","message":"txHash: 0xaeba3dd8332b622df3a470b38439a70f2b569aba342fa6787acabc62d7c52cb8","timestamp":"2022-09-29T19:08:55.467Z"}
{"level":"info","message":"gasPrice: 5","timestamp":"2022-09-29T19:08:55.468Z"}
{"level":"info","message":"method called is not swapExactEthForTokens or swapExactTokensForTokens, ignoring.","timestamp":"2022-09-29T19:08:55.468Z"}
{"level":"info","message":"txHash: 0x42263c64fb31aff1301b2806e1fda1821674cc1db02f519b2aaa23c93df94aee","timestamp":"2022-09-29T19:08:55.516Z"}
{"level":"info","message":"gasPrice: 5","timestamp":"2022-09-29T19:08:55.516Z"}
{"level":"info","message":"method called is not swapExactEthForTokens or swapExactTokensForTokens, ignoring.","timestamp":"2022-09-29T19:08:55.517Z"}
{"level":"info","message":"txHash: 0xba5e37b6fad238d52fa8acfb749a025c08dd1b3952c88d63116a751af7680f29","timestamp":"2022-09-29T19:08:55.518Z"}
{"level":"info","message":"gasPrice: 5","timestamp":"2022-09-29T19:08:55.518Z"}
{"level":"info","message":"method called is not swapExactEthForTokens or swapExactTokensForTokens, ignoring.","timestamp":"2022-09-29T19:08:55.519Z"}
{"level":"info","message":"txHash: 0x42f010485d7606cecc3e5b8a91aec7de164651db92bf7f3042644814b37b162f","timestamp":"2022-09-29T19:08:57.653Z"}
{"level":"info","message":"gasPrice: 5","timestamp":"2022-09-29T19:08:57.653Z"}
{"level":"info","message":"method called is not swapExactEthForTokens or swapExactTokensForTokens, ignoring.","timestamp":"2022-09-29T19:08:57.655Z"}
{"level":"info","message":"txHash: 0x80b4163ec9153a8f8886bee06e2dd9367852ec473402208b9e1e09b7d0b4d536","timestamp":"2022-09-29T19:08:57.688Z"}
{"level":"info","message":"gasPrice: 5","timestamp":"2022-09-29T19:08:57.688Z"}
{"level":"info","message":"method called is not swapExactEthForTokens or swapExactTokensForTokens, ignoring.","timestamp":"2022-09-29T19:08:57.689Z"}
{"level":"info","message":"txHash: 0x0c3a3f3b5d02f9f8f4c23ad07188a3d85a9a6d1d648caf3c6402721f72aee79a","timestamp":"2022-09-29T19:09:00.687Z"}
{"level":"info","message":"gasPrice: 5","timestamp":"2022-09-29T19:09:00.688Z"}
{"level":"info","message":"method called is not swapExactEthForTokens or swapExactTokensForTokens, ignoring.","timestamp":"2022-09-29T19:09:00.689Z"}
{"level":"info","message":"txHash: 0x91d3c492544ea8b1095503cf9cf33f0747c1d289d0eeee467240282a1a02b793","timestamp":"2022-09-29T19:09:00.912Z"}
{"level":"info","message":"gasPrice: 7","timestamp":"2022-09-29T19:09:00.912Z"}
{"level":"info","message":"method:swapExactETHForTokens","timestamp":"2022-09-29T19:09:00.913Z"}
{"level":"error","message":"token not whitelisted in OUTPUT_TOKEN_ADDRESSES, ignoring.","timestamp":"2022-09-29T19:09:00.914Z"}
{"level":"error","message":"token address: 0xe41a093549beee36b76728d456894093396d1120","timestamp":"2022-09-29T19:09:00.914Z"}
{"level":"info","message":"txHash: 0xe6b08eaac0f69940bd91cfef842b586cf6c8408a47c51a1020c7cecce4ba56d4","timestamp":"2022-09-29T19:09:01.341Z"}
{"level":"info","message":"gasPrice: 9","timestamp":"2022-09-29T19:09:01.341Z"}
{"level":"info","message":"method:swapExactETHForTokens","timestamp":"2022-09-29T19:09:01.342Z"}
{"level":"error","message":"token not whitelisted in OUTPUT_TOKEN_ADDRESSES, ignoring.","timestamp":"2022-09-29T19:09:01.342Z"}
{"level":"error","message":"token address: 0xbd1728a56c48ed7deefb785d44a31d8424943872","timestamp":"2022-09-29T19:09:01.342Z"}
{"level":"info","message":"txHash: 0xad5a77efce85af60cde4223f23017387494ae7deae96ba3d5e3ba23f6d6a6ec2","timestamp":"2022-09-29T19:09:01.810Z"}
{"level":"info","message":"gasPrice: 7","timestamp":"2022-09-29T19:09:01.810Z"}
{"level":"info","message":"method:swapExactTokensForTokens","timestamp":"2022-09-29T19:09:01.811Z"}
{"level":"error","message":"token not whitelisted in OUTPUT_TOKEN_ADDRESSES, ignoring.","timestamp":"2022-09-29T19:09:01.811Z"}
{"level":"error","message":"token address: 0xd6ea75939b70d00d4c09232c244cf8e856f2a5ca","timestamp":"2022-09-29T19:09:01.811Z"}
{"level":"info","message":"txHash: 0x7ec357be6fe064e561b0a08514fda448ac9b0f5b7199319f2b67032715a1a646","timestamp":"2022-09-29T19:09:01.815Z"}
{"level":"info","message":"gasPrice: 5","timestamp":"2022-09-29T19:09:01.815Z"}
{"level":"info","message":"method called is not swapExactEthForTokens or swapExactTokensForTokens, ignoring.","timestamp":"2022-09-29T19:09:01.816Z"}
{"level":"info","message":"txHash: 0x34e784835fe9c1a95a47b46bcf8c4aca34715f3a57dc0bac4d96bd3df3a2babd","timestamp":"2022-09-29T19:09:01.817Z"}
{"level":"info","message":"gasPrice: 5","timestamp":"2022-09-29T19:09:01.817Z"}
{"level":"info","message":"method called is not swapExactEthForTokens or swapExactTokensForTokens, ignoring.","timestamp":"2022-09-29T19:09:01.818Z"}
{"level":"info","message":"txHash: 0x80e74155f2f710d3951c1e844e9c14c2a71d499d4547321490df476094f53260","timestamp":"2022-09-29T19:09:02.034Z"}
{"level":"info","message":"gasPrice: 5","timestamp":"2022-09-29T19:09:02.035Z"}
{"level":"info","message":"method:swapExactETHForTokens","timestamp":"2022-09-29T19:09:02.035Z"}
{"level":"error","message":"token not whitelisted in OUTPUT_TOKEN_ADDRESSES, ignoring.","timestamp":"2022-09-29T19:09:02.036Z"}
{"level":"error","message":"token address: 0xe9e7cea3dedca5984780bafc599bd69add087d56","timestamp":"2022-09-29T19:09:02.036Z"}
{"level":"info","message":"txHash: 0x5e8c8f331629cde778a62ad0b711cc834ed2e32029edf4dd9053033cd4dcb3c5","timestamp":"2022-09-29T19:09:02.037Z"}
{"level":"info","message":"gasPrice: 6.06","timestamp":"2022-09-29T19:09:02.037Z"}
{"level":"info","message":"method called is not swapExactEthForTokens or swapExactTokensForTokens, ignoring.","timestamp":"2022-09-29T19:09:02.038Z"}
{"level":"info","message":"txHash: 0x58c06f21b52f8113ea136c97d07a04e51d2a55a047e2087d37b68440afef1ae7","timestamp":"2022-09-29T19:09:02.485Z"}
{"level":"info","message":"gasPrice: 5","timestamp":"2022-09-29T19:09:02.485Z"}
{"level":"info","message":"method:swapExactETHForTokens","timestamp":"2022-09-29T19:09:02.486Z"}
{"level":"error","message":"token not whitelisted in OUTPUT_TOKEN_ADDRESSES, ignoring.","timestamp":"2022-09-29T19:09:02.486Z"}
{"level":"error","message":"token address: 0x699229cec4e6bad47b702bf19b2aa65691bdf327","timestamp":"2022-09-29T19:09:02.486Z"}
{"level":"info","message":"txHash: 0x25e74afa9c7896c0bff26d80d89ebd63084bc57cebb6709b25ab4e30a9a5c1bd","timestamp":"2022-09-29T19:09:02.620Z"}
{"level":"info","message":"gasPrice: 5","timestamp":"2022-09-29T19:09:02.621Z"}
{"level":"info","message":"method:swapExactTokensForTokens","timestamp":"2022-09-29T19:09:02.622Z"}
{"level":"error","message":"token not whitelisted in OUTPUT_TOKEN_ADDRESSES, ignoring.","timestamp":"2022-09-29T19:09:02.622Z"}
{"level":"error","message":"token address: 0x6f9f0c4ad9af7ebd61ac5a1d4e0f2227f7b0e5f9","timestamp":"2022-09-29T19:09:02.622Z"}
{"level":"info","message":"txHash: 0x423f1b8840bb73b1f54db1068f3145cc9e3001542fcb8c8adebe507d63594ec0","timestamp":"2022-09-29T19:09:03.147Z"}
{"level":"info","message":"gasPrice: 6","timestamp":"2022-09-29T19:09:03.147Z"}
{"level":"info","message":"method called is not swapExactEthForTokens or swapExactTokensForTokens, ignoring.","timestamp":"2022-09-29T19:09:03.148Z"}
{"level":"info","message":"txHash: 0x6ba29fa1d6e534fd968fdf2be3663f5afe7fd767c2e6dee7b897b1dfc81a0fef","timestamp":"2022-09-29T19:09:03.150Z"}
{"level":"info","message":"gasPrice: 5","timestamp":"2022-09-29T19:09:03.150Z"}
{"level":"info","message":"method called is not swapExactEthForTokens or swapExactTokensForTokens, ignoring.","timestamp":"2022-09-29T19:09:03.151Z"}
{"level":"info","message":"txHash: 0x4d04f6e1ec71c66b298dec89878f69f42a5564050865cb5fc23007393009b22c","timestamp":"2022-09-29T19:09:03.256Z"}
{"level":"info","message":"gasPrice: 10","timestamp":"2022-09-29T19:09:03.257Z"}
{"level":"info","message":"method called is not swapExactEthForTokens or swapExactTokensForTokens, ignoring.","timestamp":"2022-09-29T19:09:03.257Z"}
{"level":"info","message":"txHash: 0xa071023a60be7bef7732afe4d414d379d650d120bf60af79241b25c10c0e2b65","timestamp":"2022-09-29T19:09:03.831Z"}
{"level":"info","message":"gasPrice: 5","timestamp":"2022-09-29T19:09:03.832Z"}
{"level":"info","message":"method:swapExactTokensForTokens","timestamp":"2022-09-29T19:09:03.833Z"}
{"level":"error","message":"token not whitelisted in OUTPUT_TOKEN_ADDRESSES, ignoring.","timestamp":"2022-09-29T19:09:03.833Z"}
{"level":"error","message":"token address: 0x5a726a26edb0df8fd55f03cc30af8a7cea81e78d","timestamp":"2022-09-29T19:09:03.833Z"}
{"level":"info","message":"txHash: 0x3f0bf2680dea4546d66ff9f126b040437e9d4890bcdfa09b62c029ff7d13260d","timestamp":"2022-09-29T19:09:03.915Z"}
{"level":"info","message":"gasPrice: 5","timestamp":"2022-09-29T19:09:03.915Z"}
{"level":"info","message":"method:swapExactETHForTokens","timestamp":"2022-09-29T19:09:03.916Z"}
{"level":"error","message":"token not whitelisted in OUTPUT_TOKEN_ADDRESSES, ignoring.","timestamp":"2022-09-29T19:09:03.916Z"}
{"level":"error","message":"token address: 0xd6fdde76b8c1c45b33790cc8751d5b88984c44ec","timestamp":"2022-09-29T19:09:03.916Z"}
{"level":"info","message":"txHash: 0x6e22eb3713269e684ec9958c63d9315f9eb3e7346c524f092c62b39ef5c5b6c6","timestamp":"2022-09-29T19:09:04.065Z"}
{"level":"info","message":"gasPrice: 5","timestamp":"2022-09-29T19:09:04.066Z"}
{"level":"info","message":"method called is not swapExactEthForTokens or swapExactTokensForTokens, ignoring.","timestamp":"2022-09-29T19:09:04.067Z"}
